'check_import_new_users'
'check_upload_size'
'choose_primary_blog'
'confirm_delete_users'
'dashboard_quota'
'display_space_usage'
'get_site_allowed_themes'
'get_space_allowed'
'get_upload_space_available'
'grant_super_admin'
'new_user_email_admin_notice'
'redirect_user_to_blog'
'revoke_super_admin'
'secret_salt_warning'
'send_confirmation_on_profile_email'
'show_post_thumbnail_warning'
'site_admin_notice'
'update_option_new_admin_email'
'update_user_status'
'upload_size_limit_filter'
'upload_space_setting'
'wpmu_delete_blog'
'wpmu_delete_user'
'wpmu_get_blog_allowedthemes'
